CRITICAL - 2025-04-19 08:45:55 --> ParseError: syntax error, unexpected token "=>"
[Method: GET, Route: /]
in APPPATH\Controllers\CrudController.php on line 35.
 1 SYSTEMPATH\Autoloader\Autoloader.php(295): CodeIgniter\Autoloader\Autoloader->includeFile('C:\\xampp\\htdocs\\ci_crud_old\\app\\Controllers\\crudcontroller.php')
 2 SYSTEMPATH\Autoloader\Autoloader.php(271): CodeIgniter\Autoloader\Autoloader->loadInNamespace('App\\Controllers\\crudcontroller')
 3 [internal function]: CodeIgniter\Autoloader\Autoloader->loadClass('App\\Controllers\\crudcontroller')
 4 SYSTEMPATH\CodeIgniter.php(885): class_exists('\\App\\Controllers\\crudcontroller', true)
 5 SYSTEMPATH\CodeIgniter.php(494): CodeIgniter\CodeIgniter->startController()
 6 SYSTEMPATH\CodeIgniter.php(354): CodeIgniter\CodeIgniter->handleRequest(null, Object(Config\Cache), false)
 7 SYSTEMPATH\Boot.php(334): CodeIgniter\CodeIgniter->run()
 8 SYSTEMPATH\Boot.php(67): CodeIgniter\Boot::runCodeIgniter(Object(CodeIgniter\CodeIgniter))
 9 FCPATH\index.php(56): CodeIgniter\Boot::bootWeb(Object(Config\Paths))
CRITICAL - 2025-04-19 08:45:58 --> ParseError: syntax error, unexpected token "=>"
[Method: GET, Route: /]
in APPPATH\Controllers\CrudController.php on line 35.
 1 SYSTEMPATH\Autoloader\Autoloader.php(295): CodeIgniter\Autoloader\Autoloader->includeFile('C:\\xampp\\htdocs\\ci_crud_old\\app\\Controllers\\crudcontroller.php')
 2 SYSTEMPATH\Autoloader\Autoloader.php(271): CodeIgniter\Autoloader\Autoloader->loadInNamespace('App\\Controllers\\crudcontroller')
 3 [internal function]: CodeIgniter\Autoloader\Autoloader->loadClass('App\\Controllers\\crudcontroller')
 4 SYSTEMPATH\CodeIgniter.php(885): class_exists('\\App\\Controllers\\crudcontroller', true)
 5 SYSTEMPATH\CodeIgniter.php(494): CodeIgniter\CodeIgniter->startController()
 6 SYSTEMPATH\CodeIgniter.php(354): CodeIgniter\CodeIgniter->handleRequest(null, Object(Config\Cache), false)
 7 SYSTEMPATH\Boot.php(334): CodeIgniter\CodeIgniter->run()
 8 SYSTEMPATH\Boot.php(67): CodeIgniter\Boot::runCodeIgniter(Object(CodeIgniter\CodeIgniter))
 9 FCPATH\index.php(56): CodeIgniter\Boot::bootWeb(Object(Config\Paths))
CRITICAL - 2025-04-19 09:23:09 --> ErrorException: Cannot redeclare App\Controllers\CrudController::edit()
[Method: GET, Route: crudview]
in APPPATH\Controllers\CrudController.php on line 27.
 1 [internal function]: CodeIgniter\Debug\Exceptions->shutdownHandler()
CRITICAL - 2025-04-19 09:33:15 --> ErrorException: Undefined variable $alldbvalue
[Method: GET, Route: edit/1]
in APPPATH\Views\edit.php on line 39.
 1 APPPATH\Views\edit.php(39): CodeIgniter\Debug\Exceptions->errorHandler(2, 'Undefined variable $alldbvalue', 'C:\\xampp\\htdocs\\ci_crud_old\\app\\Views\\edit.php', 39)
 2 SYSTEMPATH\View\View.php(224): include('C:\\xampp\\htdocs\\ci_crud_old\\app\\Views\\edit.php')
 3 SYSTEMPATH\View\View.php(227): CodeIgniter\View\View->CodeIgniter\View\{closure}()
 4 SYSTEMPATH\Common.php(1173): CodeIgniter\View\View->render('edit', [], true)
 5 APPPATH\Controllers\CrudController.php(38): view('edit', [...])
 6 SYSTEMPATH\CodeIgniter.php(933): App\Controllers\CrudController->edit('1')
 7 SYSTEMPATH\CodeIgniter.php(507): CodeIgniter\CodeIgniter->runController(Object(App\Controllers\CrudController))
 8 SYSTEMPATH\CodeIgniter.php(354): CodeIgniter\CodeIgniter->handleRequest(null, Object(Config\Cache), false)
 9 SYSTEMPATH\Boot.php(334): CodeIgniter\CodeIgniter->run()
10 SYSTEMPATH\Boot.php(67): CodeIgniter\Boot::runCodeIgniter(Object(CodeIgniter\CodeIgniter))
11 FCPATH\index.php(56): CodeIgniter\Boot::bootWeb(Object(Config\Paths))
CRITICAL - 2025-04-19 09:35:19 --> ErrorException: Undefined variable $alldbvalue
[Method: GET, Route: edit/1]
in APPPATH\Views\edit.php on line 39.
 1 APPPATH\Views\edit.php(39): CodeIgniter\Debug\Exceptions->errorHandler(2, 'Undefined variable $alldbvalue', 'C:\\xampp\\htdocs\\ci_crud_old\\app\\Views\\edit.php', 39)
 2 SYSTEMPATH\View\View.php(224): include('C:\\xampp\\htdocs\\ci_crud_old\\app\\Views\\edit.php')
 3 SYSTEMPATH\View\View.php(227): CodeIgniter\View\View->CodeIgniter\View\{closure}()
 4 SYSTEMPATH\Common.php(1173): CodeIgniter\View\View->render('edit', [], true)
 5 APPPATH\Controllers\CrudController.php(38): view('edit', [...])
 6 SYSTEMPATH\CodeIgniter.php(933): App\Controllers\CrudController->edit('1')
 7 SYSTEMPATH\CodeIgniter.php(507): CodeIgniter\CodeIgniter->runController(Object(App\Controllers\CrudController))
 8 SYSTEMPATH\CodeIgniter.php(354): CodeIgniter\CodeIgniter->handleRequest(null, Object(Config\Cache), false)
 9 SYSTEMPATH\Boot.php(334): CodeIgniter\CodeIgniter->run()
10 SYSTEMPATH\Boot.php(67): CodeIgniter\Boot::runCodeIgniter(Object(CodeIgniter\CodeIgniter))
11 FCPATH\index.php(56): CodeIgniter\Boot::bootWeb(Object(Config\Paths))
CRITICAL - 2025-04-19 09:39:37 --> ErrorException: Undefined variable $alldbvalue
[Method: GET, Route: edit/1]
in APPPATH\Views\edit.php on line 27.
 1 APPPATH\Views\edit.php(27): CodeIgniter\Debug\Exceptions->errorHandler(2, 'Undefined variable $alldbvalue', 'C:\\xampp\\htdocs\\ci_crud_old\\app\\Views\\edit.php', 27)
 2 SYSTEMPATH\View\View.php(224): include('C:\\xampp\\htdocs\\ci_crud_old\\app\\Views\\edit.php')
 3 SYSTEMPATH\View\View.php(227): CodeIgniter\View\View->CodeIgniter\View\{closure}()
 4 SYSTEMPATH\Common.php(1173): CodeIgniter\View\View->render('edit', [], true)
 5 APPPATH\Controllers\CrudController.php(38): view('edit', [...])
 6 SYSTEMPATH\CodeIgniter.php(933): App\Controllers\CrudController->edit('1')
 7 SYSTEMPATH\CodeIgniter.php(507): CodeIgniter\CodeIgniter->runController(Object(App\Controllers\CrudController))
 8 SYSTEMPATH\CodeIgniter.php(354): CodeIgniter\CodeIgniter->handleRequest(null, Object(Config\Cache), false)
 9 SYSTEMPATH\Boot.php(334): CodeIgniter\CodeIgniter->run()
10 SYSTEMPATH\Boot.php(67): CodeIgniter\Boot::runCodeIgniter(Object(CodeIgniter\CodeIgniter))
11 FCPATH\index.php(56): CodeIgniter\Boot::bootWeb(Object(Config\Paths))
CRITICAL - 2025-04-19 09:39:44 --> ErrorException: Undefined variable $alldbvalue
[Method: GET, Route: edit/1]
in APPPATH\Views\edit.php on line 27.
 1 APPPATH\Views\edit.php(27): CodeIgniter\Debug\Exceptions->errorHandler(2, 'Undefined variable $alldbvalue', 'C:\\xampp\\htdocs\\ci_crud_old\\app\\Views\\edit.php', 27)
 2 SYSTEMPATH\View\View.php(224): include('C:\\xampp\\htdocs\\ci_crud_old\\app\\Views\\edit.php')
 3 SYSTEMPATH\View\View.php(227): CodeIgniter\View\View->CodeIgniter\View\{closure}()
 4 SYSTEMPATH\Common.php(1173): CodeIgniter\View\View->render('edit', [], true)
 5 APPPATH\Controllers\CrudController.php(38): view('edit', [...])
 6 SYSTEMPATH\CodeIgniter.php(933): App\Controllers\CrudController->edit('1')
 7 SYSTEMPATH\CodeIgniter.php(507): CodeIgniter\CodeIgniter->runController(Object(App\Controllers\CrudController))
 8 SYSTEMPATH\CodeIgniter.php(354): CodeIgniter\CodeIgniter->handleRequest(null, Object(Config\Cache), false)
 9 SYSTEMPATH\Boot.php(334): CodeIgniter\CodeIgniter->run()
10 SYSTEMPATH\Boot.php(67): CodeIgniter\Boot::runCodeIgniter(Object(CodeIgniter\CodeIgniter))
11 FCPATH\index.php(56): CodeIgniter\Boot::bootWeb(Object(Config\Paths))
